<?xml version="1.0" encoding="UTF-8"?>
<testng-results ignored="0" total="8" passed="8" failed="0" skipped="0">
  <reporter-output>
  </reporter-output>
  <suite started-at="2022-06-10T10:35:04 IST" name="RPA Test Suite" finished-at="2022-06-10T10:35:53 IST" duration-ms="48770">
    <groups>
    </groups>
    <test started-at="2022-06-10T10:35:04 IST" name="Bluex-User" finished-at="2022-06-10T10:35:08 IST" duration-ms="4540">
      <class name="BlueXUser">
        <test-method is-config="true" signature="setUp()[pri:0, instance:BlueXUser@363ee3a2]" started-at="2022-06-10T10:35:04 IST" name="setUp" finished-at="2022-06-10T10:35:04 IST" duration-ms="262" status="PASS">
          <reporter-output>
          </reporter-output>
        </test-method> <!-- setUp -->
        <test-method signature="createUser()[pri:1, instance:BlueXUser@363ee3a2]" started-at="2022-06-10T10:35:04 IST" name="createUser" finished-at="2022-06-10T10:35:06 IST" duration-ms="2332" status="PASS">
          <reporter-output>
          </reporter-output>
        </test-method> <!-- createUser -->
        <test-method signature="getUser()[pri:2, instance:BlueXUser@363ee3a2]" started-at="2022-06-10T10:35:06 IST" name="getUser" finished-at="2022-06-10T10:35:07 IST" depends-on-methods="BlueXUser.createUser" duration-ms="442" status="PASS">
          <reporter-output>
          </reporter-output>
        </test-method> <!-- getUser -->
        <test-method signature="updateUser()[pri:3, instance:BlueXUser@363ee3a2]" started-at="2022-06-10T10:35:07 IST" name="updateUser" finished-at="2022-06-10T10:35:08 IST" depends-on-methods="BlueXUser.getUser" duration-ms="722" status="PASS">
          <reporter-output>
          </reporter-output>
        </test-method> <!-- updateUser -->
        <test-method signature="deleteUser()[pri:4, instance:BlueXUser@363ee3a2]" started-at="2022-06-10T10:35:08 IST" name="deleteUser" finished-at="2022-06-10T10:35:08 IST" depends-on-methods="BlueXUser.updateUser" duration-ms="750" status="PASS">
          <reporter-output>
          </reporter-output>
        </test-method> <!-- deleteUser -->
      </class> <!-- BlueXUser -->
    </test> <!-- Bluex-User -->
    <test started-at="2022-06-10T10:35:08 IST" name="Bluex-Booking" finished-at="2022-06-10T10:35:19 IST" duration-ms="10690">
      <class name="BlueXBooking">
        <test-method signature="getBookingDetail()[pri:1, instance:BlueXBooking@6580cfdd]" started-at="2022-06-10T10:35:08 IST" name="getBookingDetail" finished-at="2022-06-10T10:35:15 IST" duration-ms="6138" status="PASS">
          <reporter-output>
          </reporter-output>
        </test-method> <!-- getBookingDetail -->
        <test-method is-config="true" signature="setUp()[pri:0, instance:BlueXBooking@6580cfdd]" started-at="2022-06-10T10:35:08 IST" name="setUp" finished-at="2022-06-10T10:35:08 IST" duration-ms="0" status="PASS">
          <reporter-output>
          </reporter-output>
        </test-method> <!-- setUp -->
        <test-method signature="getQuote()[pri:3, instance:BlueXBooking@6580cfdd]" started-at="2022-06-10T10:35:15 IST" name="getQuote" finished-at="2022-06-10T10:35:19 IST" duration-ms="4549" status="PASS">
          <reporter-output>
          </reporter-output>
        </test-method> <!-- getQuote -->
      </class> <!-- BlueXBooking -->
    </test> <!-- Bluex-Booking -->
    <test started-at="2022-06-10T10:35:19 IST" name="Content-Extraction" finished-at="2022-06-10T10:35:53 IST" duration-ms="33513">
      <class name="ContentExtraction">
        <test-method is-config="true" signature="setUp()[pri:0, instance:ContentExtraction@21de60b4]" started-at="2022-06-10T10:35:19 IST" name="setUp" finished-at="2022-06-10T10:35:19 IST" duration-ms="1" status="PASS">
          <reporter-output>
          </reporter-output>
        </test-method> <!-- setUp -->
        <test-method signature="splitClassification()[pri:1, instance:ContentExtraction@21de60b4]" started-at="2022-06-10T10:35:19 IST" name="splitClassification" finished-at="2022-06-10T10:35:23 IST" duration-ms="4326" status="PASS">
          <reporter-output>
          </reporter-output>
        </test-method> <!-- splitClassification -->
        <test-method signature="extraction()[pri:2, instance:ContentExtraction@21de60b4]" started-at="2022-06-10T10:35:23 IST" name="extraction" finished-at="2022-06-10T10:35:53 IST" depends-on-methods="ContentExtraction.splitClassification" duration-ms="29183" status="PASS">
          <reporter-output>
          </reporter-output>
        </test-method> <!-- extraction -->
      </class> <!-- ContentExtraction -->
    </test> <!-- Content-Extraction -->
  </suite> <!-- RPA Test Suite -->
</testng-results>
