<?xml version="1.0" encoding="UTF-8"?>
<testng-results ignored="0" total="7" passed="7" failed="0" skipped="0">
  <reporter-output>
  </reporter-output>
  <suite started-at="2022-06-07T18:59:54 IST" name="RPA Test Suite" finished-at="2022-06-07T19:00:41 IST" duration-ms="46740">
    <groups>
    </groups>
    <test started-at="2022-06-07T18:59:54 IST" name="Bluex-User" finished-at="2022-06-07T18:59:58 IST" duration-ms="4482">
      <class name="BlueXUser">
        <test-method is-config="true" signature="setUp()[pri:0, instance:BlueXUser@79b06cab]" started-at="2022-06-07T18:59:54 IST" name="setUp" finished-at="2022-06-07T18:59:54 IST" duration-ms="302" status="PASS">
          <reporter-output>
          </reporter-output>
        </test-method> <!-- setUp -->
        <test-method signature="createUser()[pri:1, instance:BlueXUser@79b06cab]" started-at="2022-06-07T18:59:54 IST" name="createUser" finished-at="2022-06-07T18:59:57 IST" duration-ms="2497" status="PASS">
          <reporter-output>
          </reporter-output>
        </test-method> <!-- createUser -->
        <test-method signature="getUser()[pri:2, instance:BlueXUser@79b06cab]" started-at="2022-06-07T18:59:57 IST" name="getUser" finished-at="2022-06-07T18:59:57 IST" depends-on-methods="BlueXUser.createUser" duration-ms="366" status="PASS">
          <reporter-output>
          </reporter-output>
        </test-method> <!-- getUser -->
        <test-method signature="updateUser()[pri:3, instance:BlueXUser@79b06cab]" started-at="2022-06-07T18:59:57 IST" name="updateUser" finished-at="2022-06-07T18:59:58 IST" depends-on-methods="BlueXUser.getUser" duration-ms="736" status="PASS">
          <reporter-output>
          </reporter-output>
        </test-method> <!-- updateUser -->
        <test-method signature="deleteUser()[pri:4, instance:BlueXUser@79b06cab]" started-at="2022-06-07T18:59:58 IST" name="deleteUser" finished-at="2022-06-07T18:59:58 IST" depends-on-methods="BlueXUser.updateUser" duration-ms="540" status="PASS">
          <reporter-output>
          </reporter-output>
        </test-method> <!-- deleteUser -->
      </class> <!-- BlueXUser -->
    </test> <!-- Bluex-User -->
    <test started-at="2022-06-07T18:59:59 IST" name="Bluex-Booking" finished-at="2022-06-07T19:00:05 IST" duration-ms="6116">
      <class name="BlueXBooking">
        <test-method is-config="true" signature="setUp()[pri:0, instance:BlueXBooking@63355449]" started-at="2022-06-07T18:59:59 IST" name="setUp" finished-at="2022-06-07T18:59:59 IST" duration-ms="0" status="PASS">
          <reporter-output>
          </reporter-output>
        </test-method> <!-- setUp -->
        <test-method signature="getQuote()[pri:3, instance:BlueXBooking@63355449]" started-at="2022-06-07T18:59:59 IST" name="getQuote" finished-at="2022-06-07T19:00:05 IST" duration-ms="6113" status="PASS">
          <reporter-output>
          </reporter-output>
        </test-method> <!-- getQuote -->
      </class> <!-- BlueXBooking -->
    </test> <!-- Bluex-Booking -->
    <test started-at="2022-06-07T19:00:05 IST" name="Content-Extraction" finished-at="2022-06-07T19:00:41 IST" duration-ms="36064">
      <class name="ContentExtraction">
        <test-method is-config="true" signature="setUp()[pri:0, instance:ContentExtraction@30ee2816]" started-at="2022-06-07T19:00:05 IST" name="setUp" finished-at="2022-06-07T19:00:05 IST" duration-ms="1" status="PASS">
          <reporter-output>
          </reporter-output>
        </test-method> <!-- setUp -->
        <test-method signature="splitClassification()[pri:1, instance:ContentExtraction@30ee2816]" started-at="2022-06-07T19:00:05 IST" name="splitClassification" finished-at="2022-06-07T19:00:11 IST" duration-ms="5944" status="PASS">
          <reporter-output>
          </reporter-output>
        </test-method> <!-- splitClassification -->
        <test-method signature="extraction()[pri:2, instance:ContentExtraction@30ee2816]" started-at="2022-06-07T19:00:11 IST" name="extraction" finished-at="2022-06-07T19:00:41 IST" depends-on-methods="ContentExtraction.splitClassification" duration-ms="30114" status="PASS">
          <reporter-output>
          </reporter-output>
        </test-method> <!-- extraction -->
      </class> <!-- ContentExtraction -->
    </test> <!-- Content-Extraction -->
  </suite> <!-- RPA Test Suite -->
</testng-results>
