<?xml version="1.0" encoding="UTF-8"?>
<testsuite xmlns:xsi="http://www.w3.org/2001/XMLSchema-instance" xsi:noNamespaceSchemaLocation="https://maven.apache.org/surefire/maven-surefire-plugin/xsd/surefire-test-report.xsd" name="TestSuite" time="49.189" tests="8" errors="0" skipped="0" failures="0">
  <properties>
[...]
</properties>
  <testcase name="createUser" classname="BlueXUser" time="2.333"/>
  <testcase name="getUser" classname="BlueXUser" time="0.442"/>
  <testcase name="updateUser" classname="BlueXUser" time="0.722"/>
  <testcase name="deleteUser" classname="BlueXUser" time="0.75"/>
  <testcase name="getBookingDetail" classname="BlueXBooking" time="6.138"/>
  <testcase name="getQuote" classname="BlueXBooking" time="4.55"/>
  <testcase name="splitClassification" classname="ContentExtraction" time="4.326"/>
  <testcase name="extraction" classname="ContentExtraction" time="29.182"/>
</testsuite>