<?xml version="1.0" encoding="UTF-8"?>
<!-- Generated by org.testng.reporters.JUnitXMLReporter -->
<testsuite ignored="0" hostname="RPA" failures="0" tests="4" name="Bluex-User" time="4.54" errors="0" timestamp="2022-06-10T10:35:08 IST">
  <testcase classname="BlueXUser" name="createUser" time="2.332"/>
  <testcase classname="BlueXUser" name="getUser" time="0.442"/>
  <testcase classname="BlueXUser" name="updateUser" time="0.722"/>
  <testcase classname="BlueXUser" name="deleteUser" time="0.75"/>
</testsuite> <!-- Bluex-User -->
