<?xml version="1.0" encoding="UTF-8"?>
<!-- Generated by org.testng.reporters.JUnitXMLReporter -->
<testsuite ignored="0" hostname="RPA" failures="0" tests="4" name="Bluex-User" time="4.482" errors="0" timestamp="2022-06-07T18:59:59 IST">
  <testcase classname="BlueXUser" name="createUser" time="2.497"/>
  <testcase classname="BlueXUser" name="getUser" time="0.366"/>
  <testcase classname="BlueXUser" name="updateUser" time="0.736"/>
  <testcase classname="BlueXUser" name="deleteUser" time="0.54"/>
</testsuite> <!-- Bluex-User -->
